<?xml version="1.0" encoding="UTF-8"?>
<testsuites name="if" time="11.634" tests="1" failures="0" errors="0">
   <testsuite name="if" tests="1" failures="0" errors="0" time="11.634" skipped="0" timestamp="19-04-2024T16:42:35" hostname="winggawii - 10.74.1.228" id="Test Suites/if">
      <properties>
         <property name="deviceName" value=""/>
         <property name="devicePlatform" value=""/>
         <property name="logFolder" value="C:\\Users\\winggawii\\Katalon Studio\\Test\\Reports\\20240419_164219\\if\\20240419_164219"/>
         <property name="logFiles" value="C:\\Users\\winggawii\\Katalon Studio\\Test\\Reports\\20240419_164219\\if\\20240419_164219\\execution0.log"/>
         <property name="attachments" value=""/>
         <property name="hostName" value="winggawii - 10.74.1.228"/>
         <property name="os" value="Windows 11 64bit"/>
         <property name="katalonVersion" value="9.4.0.212"/>
         <property name="browser" value="Edge Chromium 123"/>
         <property name="hostAddress" value="10.74.1.228"/>
         <property name="sessionId" value="4a08ad979c2fa532bfaf6fce9f41eaf7"/>
         <property name="seleniumVersion" value="3.141.59"/>
         <property name="proxyInformation" value="ProxyInformation { proxyOption=NO_PROXY, proxyServerType=HTTP, username=, password=********, proxyServerAddress=, proxyServerPort=0, executionList=&quot;&quot;, isApplyToDesiredCapabilities=true }"/>
         <property name="platform" value="Windows 11"/>
      </properties>
      <testcase name="Test Cases/Simple IF Statement" time="11.469" classname="Test Cases/Simple IF Statement" status="PASSED">
         <system-out><![CDATA[19-04-2024T16:42:36 - [TEST_CASE][PASSED] - Test Cases/Simple IF Statement: Test Cases/Simple IF Statement

19-04-2024T16:42:36 - [TEST_STEP][PASSED] - openBrowser(URL): Browser is opened with url: 'https://dev.admin-pickme.metrodataacademy.id/login'

19-04-2024T16:42:37 - [MESSAGE][INFO] - Starting 'Edge Chromium' driver

19-04-2024T16:42:38 - [MESSAGE][INFO] - Action delay is set to 0 milliseconds

19-04-2024T16:42:44 - [MESSAGE][PASSED] - Browser is opened with url: 'https://dev.admin-pickme.metrodataacademy.id/login'

19-04-2024T16:42:44 - [TEST_STEP][PASSED] - maximizeWindow(): Current window maximized

19-04-2024T16:42:44 - [MESSAGE][PASSED] - Current window maximized

19-04-2024T16:42:44 - [TEST_STEP][PASSED] - if (Username == "admins"): null

19-04-2024T16:42:44 - [TEST_STEP][PASSED] - else: Text '12' is set on object 'Object Repository/Login_Logout/Page_Login Page/input_Kata Sandi_password'

19-04-2024T16:42:44 - [TEST_STEP][PASSED] - setText(ObjectPassword, "12"): Text '12' is set on object 'Object Repository/Login_Logout/Page_Login Page/input_Kata Sandi_password'

19-04-2024T16:42:45 - [MESSAGE][PASSED] - Text '12' is set on object 'Object Repository/Login_Logout/Page_Login Page/input_Kata Sandi_password'

19-04-2024T16:42:45 - [TEST_STEP][PASSED] - delay(Delay): Delayed 2 second(s)

19-04-2024T16:42:47 - [MESSAGE][PASSED] - Delayed 2 second(s)

19-04-2024T16:42:47 - [TEST_STEP][PASSED] - closeBrowser(): Browser is closed

19-04-2024T16:42:47 - [MESSAGE][PASSED] - Browser is closed]]></system-out>
         <system-err><![CDATA[]]></system-err>
      </testcase>
      <system-out><![CDATA[19-04-2024T16:42:35 - [TEST_SUITE][PASSED] - if: Test Cases/Simple IF Statement]]></system-out>
      <system-err><![CDATA[]]></system-err>
   </testsuite>
</testsuites>
